2023-05-16 20:58:40,432 =============================================================
2023-05-16 20:58:40,432 =============================================================
2023-05-16 20:58:40,432 Today is 2023-05-16 at 08:58 PM
2023-05-16 20:58:40,432 This file is running on: posix Darwin 21.6.0
2023-05-16 20:58:40,432 The Python version is: 3.9.6
2023-05-16 20:58:40,433 The active conda environment is:  None
2023-05-16 20:58:40,433 The active pip environment is:    None
2023-05-16 20:58:40,433 The active environment path is:   /Library/Developer/CommandLineTools/Library/Frameworks/Python3.framework/Versions/3.9
2023-05-16 20:58:40,433 The current working directory is: /Users/Inga/Documents/datafun-02-functions
2023-05-16 20:58:40,433 This source file is in:           /Users/Inga/Documents/datafun-02-functions
2023-05-16 20:58:40,433 =============================================================
2023-05-16 20:58:40,433 =============================================================
2023-05-16 20:58:40,433 Explore some functions in the math module
2023-05-16 20:58:40,433 math.comb(5,1) = 5
2023-05-16 20:58:40,434 math.perm(5,1) = 5
2023-05-16 20:58:40,434 math.comb(5,3) = 10
2023-05-16 20:58:40,434 math.perm(5,3) = 60
2023-05-16 20:58:40,436 math.pi = 3.141592653589793
2023-05-16 20:58:40,437 math.degrees(2 * math.pi) = 360.0
2023-05-16 20:58:40,437 math.radians(180)         = 3.141592653589793
2023-05-16 20:58:40,437 
2023-05-16 20:58:40,437 TRY: Call get_circle_area_given_radius() function with a different values.
2023-05-16 20:58:40,439 CALLING get_circle_area(5)
2023-05-16 20:58:40,439 The circle area is 31.41592653589793
2023-05-16 20:58:40,441 CALLING get_circle_area(-16)
2023-05-16 20:58:40,441 The circle area is -100.53096491487338
2023-05-16 20:58:40,441 CALLING get_circle_area(inf)
2023-05-16 20:58:40,442 The circle area is inf
2023-05-16 20:58:40,442 CALLING get_circle_area(five)
2023-05-16 20:58:40,442 Error: can't multiply sequence by non-int of type 'float'
2023-05-16 20:58:40,442 
2023-05-16 20:58:40,442 TRY: Call get_circle_areas_given_list() function with a list of GOOD values
2023-05-16 20:58:40,442 CALLING get_circle_area([5, 10, 25, 30, 45, 50])
2023-05-16 20:58:40,442 CALLING get_circle_area(5)
2023-05-16 20:58:40,442 The circle area is 31.41592653589793
2023-05-16 20:58:40,442 r = 5, area=31.41592653589793
2023-05-16 20:58:40,442 CALLING get_circle_area(10)
2023-05-16 20:58:40,443 The circle area is 62.83185307179586
2023-05-16 20:58:40,443 r = 10, area=62.83185307179586
2023-05-16 20:58:40,443 CALLING get_circle_area(25)
2023-05-16 20:58:40,443 The circle area is 157.07963267948966
2023-05-16 20:58:40,443 r = 25, area=157.07963267948966
2023-05-16 20:58:40,443 CALLING get_circle_area(30)
2023-05-16 20:58:40,443 The circle area is 188.49555921538757
2023-05-16 20:58:40,443 r = 30, area=188.49555921538757
2023-05-16 20:58:40,444 CALLING get_circle_area(45)
2023-05-16 20:58:40,444 The circle area is 282.7433388230814
2023-05-16 20:58:40,444 r = 45, area=282.7433388230814
2023-05-16 20:58:40,444 CALLING get_circle_area(50)
2023-05-16 20:58:40,444 The circle area is 314.1592653589793
2023-05-16 20:58:40,444 r = 50, area=314.1592653589793
2023-05-16 20:58:40,444 
2023-05-16 20:58:40,444 TRY: Call get_circle_areas_given_list() function with a list that may include BAD values
2023-05-16 20:58:40,444 CALLING get_circle_area([-5, 0, inf, '30'])
2023-05-16 20:58:40,444 CALLING get_circle_area(-5)
2023-05-16 20:58:40,444 The circle area is -31.41592653589793
2023-05-16 20:58:40,445 r = -5, area=-31.41592653589793
2023-05-16 20:58:40,445 CALLING get_circle_area(0)
2023-05-16 20:58:40,445 The circle area is 0.0
2023-05-16 20:58:40,445 r = 0, area=0.0
2023-05-16 20:58:40,445 CALLING get_circle_area(inf)
2023-05-16 20:58:40,445 The circle area is inf
2023-05-16 20:58:40,445 r = inf, area=inf
2023-05-16 20:58:40,445 CALLING get_circle_area(30)
2023-05-16 20:58:40,446 Error: can't multiply sequence by non-int of type 'float'
2023-05-16 20:58:40,446 r = 30, area=None
